2026/04/14 10:44:21 Database connection established
2026/04/14 10:44:21 Database migrations applied
[GIN-debug] [WARNING] Creating an Engine instance with the Logger and Recovery middleware already attached.

[GIN-debug] [WARNING] Running in "debug" mode. Switch to "release" mode in production.
 - using env:	export GIN_MODE=release
 - using code:	gin.SetMode(gin.ReleaseMode)

[GIN-debug] GET    /api/v1/admin/stats       --> github.com/chess-puzzle-app/backend/internal/admin.(*AdminHandler).GetStats-fm (4 handlers)
[GIN-debug] GET    /api/v1/admin/users       --> github.com/chess-puzzle-app/backend/internal/admin.(*AdminHandler).ListUsers-fm (4 handlers)
[GIN-debug] GET    /api/v1/admin/engine/status --> github.com/chess-puzzle-app/backend/internal/admin.(*AdminHandler).GetEngineStatus-fm (4 handlers)
[GIN-debug] POST   /api/v1/admin/puzzles     --> github.com/chess-puzzle-app/backend/internal/puzzles.(*PuzzleHandler).CreatePuzzle-fm (4 handlers)
[GIN-debug] PUT    /api/v1/admin/puzzles/:id --> github.com/chess-puzzle-app/backend/internal/puzzles.(*PuzzleHandler).UpdatePuzzle-fm (4 handlers)
[GIN-debug] DELETE /api/v1/admin/puzzles/:id --> github.com/chess-puzzle-app/backend/internal/puzzles.(*PuzzleHandler).DeletePuzzle-fm (4 handlers)
[GIN-debug] GET    /api/v1/admin/categories  --> github.com/chess-puzzle-app/backend/internal/categories.(*CategoryHandler).List-fm (4 handlers)
[GIN-debug] POST   /api/v1/admin/categories  --> github.com/chess-puzzle-app/backend/internal/categories.(*CategoryHandler).Create-fm (4 handlers)
[GIN-debug] PUT    /api/v1/admin/categories/:id --> github.com/chess-puzzle-app/backend/internal/categories.(*CategoryHandler).Update-fm (4 handlers)
[GIN-debug] DELETE /api/v1/admin/categories/:id --> github.com/chess-puzzle-app/backend/internal/categories.(*CategoryHandler).Delete-fm (4 handlers)
[GIN-debug] GET    /api/v1/admin/settings    --> github.com/chess-puzzle-app/backend/internal/settings.(*SettingHandler).List-fm (4 handlers)
[GIN-debug] POST   /api/v1/admin/settings    --> github.com/chess-puzzle-app/backend/internal/settings.(*SettingHandler).Update-fm (4 handlers)
2026/04/14 10:44:21 Admin Service starting on port 8084
[GIN-debug] [WARNING] You trusted all proxies, this is NOT safe. We recommend you to set a value.
Please check https://github.com/gin-gonic/gin/blob/master/docs/doc.md#dont-trust-all-proxies for details.
[GIN-debug] Listening and serving HTTP on :8084
[GIN] 2026/04/14 - 10:44:25 | 200 | 427.292µs |             ::1 | GET      "/api/v1/admin/settings"
