2026/07/02 12:55:27 Database connection established
2026/07/02 12:55:27 Database migrations applied
[GIN-debug] [WARNING] Creating an Engine instance with the Logger and Recovery middleware already attached.

[GIN-debug] [WARNING] Running in "debug" mode. Switch to "release" mode in production.
 - using env:	export GIN_MODE=release
 - using code:	gin.SetMode(gin.ReleaseMode)

[GIN-debug] GET    /                         --> main.main.func1 (3 handlers)
[GIN-debug] POST   /api/v1/auth/google       --> github.com/chess-puzzle-app/backend/internal/auth.(*AuthHandler).GoogleLogin-fm (4 handlers)
[GIN-debug] POST   /api/v1/auth/guest        --> github.com/chess-puzzle-app/backend/internal/auth.(*AuthHandler).GuestLogin-fm (4 handlers)
[GIN-debug] GET    /api/v1/user/me           --> github.com/chess-puzzle-app/backend/internal/users.(*UserHandler).GetMe-fm (5 handlers)
[GIN-debug] POST   /api/v1/user/hint         --> github.com/chess-puzzle-app/backend/internal/users.(*UserHandler).UseHint-fm (5 handlers)
[GIN-debug] POST   /api/v1/user/add-xp       --> github.com/chess-puzzle-app/backend/internal/users.(*UserHandler).AddXP-fm (5 handlers)
[GIN-debug] POST   /api/v1/user/progress     --> github.com/chess-puzzle-app/backend/internal/users.(*UserHandler).SaveProgress-fm (5 handlers)
[GIN-debug] GET    /api/v1/user/progress     --> github.com/chess-puzzle-app/backend/internal/users.(*UserHandler).GetProgressList-fm (5 handlers)
[GIN-debug] POST   /api/v1/engine/analyze    --> github.com/chess-puzzle-app/backend/internal/engine.(*EngineHandler).Analyze-fm (6 handlers)
[GIN-debug] POST   /api/v1/engine/play       --> github.com/chess-puzzle-app/backend/internal/engine.(*EngineHandler).Play-fm (6 handlers)
[GIN-debug] GET    /api/v1/puzzles           --> github.com/chess-puzzle-app/backend/internal/puzzles.(*PuzzleHandler).ListPuzzles-fm (6 handlers)
[GIN-debug] GET    /api/v1/puzzles/daily     --> github.com/chess-puzzle-app/backend/internal/puzzles.(*PuzzleHandler).GetDailyPuzzle-fm (6 handlers)
[GIN-debug] GET    /api/v1/puzzles/:id       --> github.com/chess-puzzle-app/backend/internal/puzzles.(*PuzzleHandler).GetPuzzle-fm (6 handlers)
[GIN-debug] POST   /api/v1/puzzles/:id/solve --> github.com/chess-puzzle-app/backend/internal/puzzles.(*PuzzleHandler).SolvePuzzle-fm (6 handlers)
[GIN-debug] GET    /api/v1/difficulties      --> github.com/chess-puzzle-app/backend/internal/difficulties.(*DifficultyHandler).List-fm (4 handlers)
[GIN-debug] GET    /api/v1/categories        --> github.com/chess-puzzle-app/backend/internal/categories.(*CategoryHandler).List-fm (4 handlers)
[GIN-debug] GET    /api/v1/learning/categories --> github.com/chess-puzzle-app/backend/internal/learning.(*LearningHandler).ListCategories-fm (5 handlers)
[GIN-debug] GET    /api/v1/learning/categories/:id --> github.com/chess-puzzle-app/backend/internal/learning.(*LearningHandler).GetCategory-fm (5 handlers)
[GIN-debug] GET    /api/v1/learning/lessons  --> github.com/chess-puzzle-app/backend/internal/learning.(*LearningHandler).ListLessons-fm (5 handlers)
[GIN-debug] GET    /api/v1/learning/lessons/:id --> github.com/chess-puzzle-app/backend/internal/learning.(*LearningHandler).GetLesson-fm (5 handlers)
[GIN-debug] GET    /api/v1/learning/lessons/:id/steps --> github.com/chess-puzzle-app/backend/internal/learning.(*LearningHandler).ListSteps-fm (5 handlers)
[GIN-debug] GET    /api/v1/learning/steps/:id --> github.com/chess-puzzle-app/backend/internal/learning.(*LearningHandler).GetStep-fm (5 handlers)
[GIN-debug] GET    /api/v1/analysis          --> github.com/chess-puzzle-app/backend/internal/analysis.(*AnalysisHandler).List-fm (5 handlers)
[GIN-debug] POST   /api/v1/analysis          --> github.com/chess-puzzle-app/backend/internal/analysis.(*AnalysisHandler).Create-fm (5 handlers)
[GIN-debug] GET    /api/v1/analysis/:id      --> github.com/chess-puzzle-app/backend/internal/analysis.(*AnalysisHandler).Get-fm (5 handlers)
[GIN-debug] PUT    /api/v1/analysis/:id      --> github.com/chess-puzzle-app/backend/internal/analysis.(*AnalysisHandler).Update-fm (5 handlers)
[GIN-debug] DELETE /api/v1/analysis/:id      --> github.com/chess-puzzle-app/backend/internal/analysis.(*AnalysisHandler).Delete-fm (5 handlers)
[GIN-debug] GET    /api/v1/admin/stats       --> github.com/chess-puzzle-app/backend/internal/admin.(*AdminHandler).GetStats-fm (5 handlers)
[GIN-debug] GET    /api/v1/admin/users       --> github.com/chess-puzzle-app/backend/internal/admin.(*AdminHandler).ListUsers-fm (5 handlers)
[GIN-debug] GET    /api/v1/admin/engine/status --> github.com/chess-puzzle-app/backend/internal/admin.(*AdminHandler).GetEngineStatus-fm (5 handlers)
[GIN-debug] POST   /api/v1/admin/puzzles     --> github.com/chess-puzzle-app/backend/internal/puzzles.(*PuzzleHandler).CreatePuzzle-fm (5 handlers)
[GIN-debug] PUT    /api/v1/admin/puzzles/:id --> github.com/chess-puzzle-app/backend/internal/puzzles.(*PuzzleHandler).UpdatePuzzle-fm (5 handlers)
[GIN-debug] DELETE /api/v1/admin/puzzles/:id --> github.com/chess-puzzle-app/backend/internal/puzzles.(*PuzzleHandler).DeletePuzzle-fm (5 handlers)
[GIN-debug] GET    /api/v1/admin/categories  --> github.com/chess-puzzle-app/backend/internal/categories.(*CategoryHandler).List-fm (5 handlers)
[GIN-debug] POST   /api/v1/admin/categories  --> github.com/chess-puzzle-app/backend/internal/categories.(*CategoryHandler).Create-fm (5 handlers)
[GIN-debug] PUT    /api/v1/admin/categories/:id --> github.com/chess-puzzle-app/backend/internal/categories.(*CategoryHandler).Update-fm (5 handlers)
[GIN-debug] DELETE /api/v1/admin/categories/:id --> github.com/chess-puzzle-app/backend/internal/categories.(*CategoryHandler).Delete-fm (5 handlers)
[GIN-debug] POST   /api/v1/admin/difficulties --> github.com/chess-puzzle-app/backend/internal/difficulties.(*DifficultyHandler).Create-fm (5 handlers)
[GIN-debug] PUT    /api/v1/admin/difficulties/:id --> github.com/chess-puzzle-app/backend/internal/difficulties.(*DifficultyHandler).Update-fm (5 handlers)
[GIN-debug] DELETE /api/v1/admin/difficulties/:id --> github.com/chess-puzzle-app/backend/internal/difficulties.(*DifficultyHandler).Delete-fm (5 handlers)
[GIN-debug] GET    /api/v1/admin/settings    --> github.com/chess-puzzle-app/backend/internal/settings.(*SettingHandler).List-fm (5 handlers)
[GIN-debug] POST   /api/v1/admin/settings    --> github.com/chess-puzzle-app/backend/internal/settings.(*SettingHandler).Update-fm (5 handlers)
[GIN-debug] GET    /api/v1/admin/learning/categories --> github.com/chess-puzzle-app/backend/internal/learning.(*LearningHandler).ListCategories-fm (5 handlers)
[GIN-debug] POST   /api/v1/admin/learning/categories --> github.com/chess-puzzle-app/backend/internal/learning.(*LearningHandler).CreateCategory-fm (5 handlers)
[GIN-debug] PUT    /api/v1/admin/learning/categories/:id --> github.com/chess-puzzle-app/backend/internal/learning.(*LearningHandler).UpdateCategory-fm (5 handlers)
[GIN-debug] DELETE /api/v1/admin/learning/categories/:id --> github.com/chess-puzzle-app/backend/internal/learning.(*LearningHandler).DeleteCategory-fm (5 handlers)
[GIN-debug] GET    /api/v1/admin/learning/lessons --> github.com/chess-puzzle-app/backend/internal/learning.(*LearningHandler).ListLessons-fm (5 handlers)
[GIN-debug] POST   /api/v1/admin/learning/lessons --> github.com/chess-puzzle-app/backend/internal/learning.(*LearningHandler).CreateLesson-fm (5 handlers)
[GIN-debug] PUT    /api/v1/admin/learning/lessons/:id --> github.com/chess-puzzle-app/backend/internal/learning.(*LearningHandler).UpdateLesson-fm (5 handlers)
[GIN-debug] DELETE /api/v1/admin/learning/lessons/:id --> github.com/chess-puzzle-app/backend/internal/learning.(*LearningHandler).DeleteLesson-fm (5 handlers)
[GIN-debug] GET    /api/v1/admin/learning/lessons/:id/steps --> github.com/chess-puzzle-app/backend/internal/learning.(*LearningHandler).ListSteps-fm (5 handlers)
[GIN-debug] POST   /api/v1/admin/learning/lessons/:id/steps --> github.com/chess-puzzle-app/backend/internal/learning.(*LearningHandler).CreateStep-fm (5 handlers)
[GIN-debug] PUT    /api/v1/admin/learning/steps/:id --> github.com/chess-puzzle-app/backend/internal/learning.(*LearningHandler).UpdateStep-fm (5 handlers)
[GIN-debug] DELETE /api/v1/admin/learning/steps/:id --> github.com/chess-puzzle-app/backend/internal/learning.(*LearningHandler).DeleteStep-fm (5 handlers)
[GIN-debug] PUT    /api/v1/admin/learning/lessons/:id/steps/reorder --> github.com/chess-puzzle-app/backend/internal/learning.(*LearningHandler).ReorderSteps-fm (5 handlers)
2026/07/02 12:55:29 Server starting on port 8080
[GIN-debug] [WARNING] You trusted all proxies, this is NOT safe. We recommend you to set a value.
Please check https://github.com/gin-gonic/gin/blob/master/docs/doc.md#dont-trust-all-proxies for details.
[GIN-debug] Listening and serving HTTP on :8080
[GIN] 2026/07/02 - 12:57:45 | 200 |  15.58ms |       127.0.0.1 | POST     "/api/v1/auth/guest"
[GIN] 2026/07/02 - 12:57:46 | 200 |   2.23ms |       127.0.0.1 | GET      "/api/v1/user/me"
[GIN] 2026/07/02 - 12:57:46 | 200 |   2.04ms |       127.0.0.1 | GET      "/api/v1/user/me"
[GIN] 2026/07/02 - 12:57:46 | 200 |   1.19ms |       127.0.0.1 | GET      "/api/v1/user/me"
[GIN] 2026/07/02 - 12:57:46 | 200 | 806.792µs |       127.0.0.1 | GET      "/api/v1/categories"
[GIN] 2026/07/02 - 12:57:49 | 200 | 283.125µs |       127.0.0.1 | GET      "/api/v1/categories"
[GIN] 2026/07/02 - 12:57:49 | 200 |   1.26ms |       127.0.0.1 | GET      "/api/v1/user/me"
[GIN] 2026/07/02 - 12:57:50 | 200 |    1.12s |       127.0.0.1 | POST     "/api/v1/engine/analyze"
[GIN] 2026/07/02 - 12:58:00 | 200 | 378.74ms |       127.0.0.1 | POST     "/api/v1/engine/analyze"
[GIN] 2026/07/02 - 12:58:07 | 200 | 448.35ms |       127.0.0.1 | POST     "/api/v1/engine/analyze"
[GIN] 2026/07/02 - 12:58:15 | 200 | 607.44ms |       127.0.0.1 | POST     "/api/v1/engine/analyze"
